<?xml version="1.0" encoding="UTF-8"?>
<!-- Generated by org.testng.reporters.JUnitReportReporter -->
<testsuite hostname="ITLNB102" name="com.qa.testcases.TC002_AddToCart" tests="1" failures="0" timestamp="29 Sep 2018 19:07:49 GMT" time="0.016" errors="1">
  <testcase name="AddtoCart" time="0.016" classname="com.qa.testcases.TC002_AddToCart">
    <error type="org.testng.TestNGException" message="
Parameter &#039;myBrowser&#039; is required by @Configuration on method initilisation but has not been marked @Optional or defined
in C:\Users\rajeevkumar.gupta\AppData\Local\Temp\testng-eclipse--1128797581\testng-customsuite.xml">
      <![CDATA[org.testng.TestNGException: 
Parameter 'myBrowser' is required by @Configuration on method initilisation but has not been marked @Optional or defined
in C:\Users\rajeevkumar.gupta\AppData\Local\Temp\testng-eclipse--1128797581\testng-customsuite.xml
	at org.testng.internal.Parameters.createParameters(Parameters.java:154)
	at org.testng.internal.Parameters.createParameters(Parameters.java:361)
	at org.testng.internal.Parameters.createConfigurationParameters(Parameters.java:84)
	at org.testng.internal.Invoker.invokeConfigurations(Invoker.java:201)
	at org.testng.internal.Invoker.invokeConfigurations(Invoker.java:142)
	at org.testng.internal.TestMethodWorker.invokeBeforeClassMethods(TestMethodWorker.java:178)
	at org.testng.internal.TestMethodWorker.run(TestMethodWorker.java:108)
	at org.testng.TestRunner.privateRun(TestRunner.java:782)
	at org.testng.TestRunner.run(TestRunner.java:632)
	at org.testng.SuiteRunner.runTest(SuiteRunner.java:366)
	at org.testng.SuiteRunner.runSequentially(SuiteRunner.java:361)
	at org.testng.SuiteRunner.privateRun(SuiteRunner.java:319)
	at org.testng.SuiteRunner.run(SuiteRunner.java:268)
	at org.testng.SuiteRunnerWorker.runSuite(SuiteRunnerWorker.java:52)
	at org.testng.SuiteRunnerWorker.run(SuiteRunnerWorker.java:86)
	at org.testng.TestNG.runSuitesSequentially(TestNG.java:1244)
	at org.testng.TestNG.runSuitesLocally(TestNG.java:1169)
	at org.testng.TestNG.run(TestNG.java:1064)
	at org.testng.remote.AbstractRemoteTestNG.run(AbstractRemoteTestNG.java:114)
	at org.testng.remote.RemoteTestNG.initAndRun(RemoteTestNG.java:251)
	at org.testng.remote.RemoteTestNG.main(RemoteTestNG.java:77)
]]>
    </error>
  </testcase> <!-- AddtoCart -->
</testsuite> <!-- com.qa.testcases.TC002_AddToCart -->
